<?xml version="1.0" encoding="UTF-8"?>
<!-- Generated by org.testng.reporters.JUnitReportReporter -->
<testsuite skipped="0" hostname="DESKTOP-H84OQQP" name="com.class05.DemoTest" tests="2" failures="0" timestamp="12 Jun 2019 01:50:33 GMT" time="32.537" errors="0">
  <testcase name="testCrossBrowser" time="18.793" classname="com.class05.DemoTest"/>
  <testcase name="testCrossBrowser" time="13.744" classname="com.class05.DemoTest"/>
</testsuite> <!-- com.class05.DemoTest -->
