<?xml version="1.0" encoding="UTF-8"?>
<!-- Generated by org.testng.reporters.JUnitReportReporter -->
<testsuite skipped="0" hostname="DESKTOP-H84OQQP" name="com.class03.BasicXMLPartTwo" tests="3" failures="0" timestamp="05 Jun 2019 23:53:02 GMT" time="0.015" errors="0">
  <testcase name="testOneFromBasic1" time="0.015" classname="com.class03.BasicXMLPartTwo"/>
  <testcase name="testSecondFromBasic1" time="0.000" classname="com.class03.BasicXMLPartTwo"/>
  <testcase name="testThirdFromBasic1" time="0.000" classname="com.class03.BasicXMLPartTwo"/>
</testsuite> <!-- com.class03.BasicXMLPartTwo -->
