<?xml version="1.0" encoding="UTF-8"?>
<!-- Generated by org.testng.reporters.JUnitReportReporter -->
<testsuite skipped="0" hostname="DESKTOP-H84OQQP" name="com.class05.Parallel" tests="4" failures="0" timestamp="12 Jun 2019 01:32:50 GMT" time="71.617" errors="0">
  <testcase name="testUsers" time="10.516" classname="com.class05.Parallel"/>
  <testcase name="testUsers" time="14.504" classname="com.class05.Parallel"/>
  <testcase name="testUsers" time="33.858" classname="com.class05.Parallel"/>
  <testcase name="testUsers" time="12.739" classname="com.class05.Parallel"/>
</testsuite> <!-- com.class05.Parallel -->
