<?xml version="1.0" encoding="UTF-8"?>
<!-- Generated by org.testng.reporters.JUnitReportReporter -->
<testsuite skipped="0" hostname="DESKTOP-H84OQQP" name="com.class02.priority" tests="4" failures="0" timestamp="30 May 2019 23:12:27 GMT" time="0.018" errors="0">
  <testcase name="first" time="0.011" classname="com.class02.priority"/>
  <testcase name="second" time="0.002" classname="com.class02.priority"/>
  <testcase name="third" time="0.003" classname="com.class02.priority"/>
  <testcase name="fourth" time="0.002" classname="com.class02.priority"/>
</testsuite> <!-- com.class02.priority -->
