<?xml version="1.0" encoding="UTF-8"?>
<!-- Generated by org.testng.reporters.JUnitReportReporter -->
<testsuite skipped="0" hostname="DESKTOP-H84OQQP" name="com.class05.Task1" tests="3" failures="0" timestamp="12 Jun 2019 00:53:16 GMT" time="5.108" errors="0">
  <testcase name="Login" time="0.632" classname="com.class05.Task1"/>
  <testcase name="addOrder" time="2.443" classname="com.class05.Task1"/>
  <testcase name="addOrder" time="2.033" classname="com.class05.Task1"/>
</testsuite> <!-- com.class05.Task1 -->
