<?xml version="1.0" encoding="UTF-8"?>
<!-- Generated by org.testng.reporters.JUnitReportReporter -->
<testsuite skipped="0" hostname="DESKTOP-H84OQQP" name="com.class02.priortyExampleTwo" tests="2" failures="0" timestamp="30 May 2019 23:37:31 GMT" time="7.323" errors="0">
  <testcase name="login" time="5.164" classname="com.class02.priortyExampleTwo"/>
  <testcase name="mainPage" time="2.159" classname="com.class02.priortyExampleTwo"/>
</testsuite> <!-- com.class02.priortyExampleTwo -->
