<?xml version="1.0" encoding="UTF-8"?>
<!-- Generated by org.testng.reporters.JUnitReportReporter -->
<testsuite skipped="0" hostname="DESKTOP-H84OQQP" name="com.class03.DependsOnMethod" tests="3" failures="0" timestamp="06 Jun 2019 01:43:01 GMT" time="0.023" errors="0">
  <testcase name="Two" time="0.007" classname="com.class03.DependsOnMethod"/>
  <testcase name="Three" time="0.000" classname="com.class03.DependsOnMethod"/>
  <testcase name="One" time="0.016" classname="com.class03.DependsOnMethod"/>
</testsuite> <!-- com.class03.DependsOnMethod -->
