<?xml version="1.0" encoding="UTF-8"?>
<!-- Generated by org.testng.reporters.JUnitReportReporter -->
<testsuite skipped="2" hostname="DESKTOP-H84OQQP" name="com.class02.EnableAndDisable" tests="4" failures="0" timestamp="30 May 2019 23:44:09 GMT" time="0.014" errors="0">
  <testcase name="second" time="0.011" classname="com.class02.EnableAndDisable"/>
  <testcase name="fourth" time="0.003" classname="com.class02.EnableAndDisable"/>
  <testcase name="third" classname="com.class02.EnableAndDisable">
    <skipped/>
  </testcase> <!-- third -->
  <testcase name="first" classname="com.class02.EnableAndDisable">
    <skipped/>
  </testcase> <!-- first -->
</testsuite> <!-- com.class02.EnableAndDisable -->
