<?xml version="1.0" encoding="UTF-8"?>
<!-- Generated by org.testng.reporters.JUnitReportReporter -->
<testsuite skipped="0" hostname="DESKTOP-H84OQQP" name="com.class03.BasicXMLPartOne" tests="3" failures="0" timestamp="05 Jun 2019 23:27:19 GMT" time="0.016" errors="0">
  <testcase name="testOne" time="0.000" classname="com.class03.BasicXMLPartOne"/>
  <testcase name="testSecond" time="0.016" classname="com.class03.BasicXMLPartOne"/>
  <testcase name="testThird" time="0.000" classname="com.class03.BasicXMLPartOne"/>
</testsuite> <!-- com.class03.BasicXMLPartOne -->
