<?xml version="1.0" encoding="UTF-8"?>
<!-- Generated by org.testng.reporters.JUnitReportReporter -->
<testsuite skipped="0" hostname="DESKTOP-H84OQQP" name="com.class03.GroupExample" tests="2" failures="0" timestamp="06 Jun 2019 01:37:19 GMT" time="0.005" errors="0">
  <testcase name="One" time="0.003" classname="com.class03.GroupExample"/>
  <testcase name="Three" time="0.002" classname="com.class03.GroupExample"/>
</testsuite> <!-- com.class03.GroupExample -->
