<?xml version="1.0" encoding="UTF-8"?>
<!-- Generated by org.testng.reporters.JUnitReportReporter -->
<testsuite skipped="0" hostname="DESKTOP-H84OQQP" name="com.class03.DependsOnGroup" tests="3" failures="0" timestamp="06 Jun 2019 01:45:49 GMT" time="0.000" errors="0">
  <testcase name="One" time="0.000" classname="com.class03.DependsOnGroup"/>
  <testcase name="Two" time="0.000" classname="com.class03.DependsOnGroup"/>
  <testcase name="Three" time="0.000" classname="com.class03.DependsOnGroup"/>
</testsuite> <!-- com.class03.DependsOnGroup -->
