<?xml version="1.0" encoding="UTF-8"?>
<!-- Generated by org.testng.reporters.JUnitReportReporter -->
<testsuite skipped="0" hostname="DESKTOP-H84OQQP" name="com.class01.orangehrmExample" tests="1" failures="0" timestamp="29 May 2019 01:46:34 GMT" time="14.891" errors="0">
  <testcase name="login" time="14.891" classname="com.class01.orangehrmExample"/>
</testsuite> <!-- com.class01.orangehrmExample -->
