<?xml version="1.0" encoding="UTF-8"?>
<!-- Generated by org.testng.reporters.JUnitReportReporter -->
<testsuite skipped="0" hostname="DESKTOP-H84OQQP" name="com.class01.Test1" tests="3" failures="0" timestamp="29 May 2019 01:14:54 GMT" time="0.031" errors="0">
  <testcase name="a" time="0.016" classname="com.class01.Test1"/>
  <testcase name="b" time="0.015" classname="com.class01.Test1"/>
  <testcase name="testDemo" time="0.000" classname="com.class01.Test1"/>
</testsuite> <!-- com.class01.Test1 -->
