<?xml version="1.0" encoding="UTF-8"?>
<!-- Generated by org.testng.reporters.JUnitReportReporter -->
<testsuite skipped="0" hostname="DESKTOP-H84OQQP" name="com.class02.HomeWorkClassTwo" tests="1" failures="0" timestamp="30 May 2019 22:49:36 GMT" time="0.008" errors="0">
  <testcase name="methodTest" time="0.008" classname="com.class02.HomeWorkClassTwo"/>
</testsuite> <!-- com.class02.HomeWorkClassTwo -->
