<?xml version="1.0" encoding="UTF-8"?>
<!-- Generated by org.testng.reporters.JUnitReportReporter -->
<testsuite skipped="0" hostname="DESKTOP-H84OQQP" name="com.class04.taskOne" tests="1" failures="0" timestamp="10 Jun 2019 14:50:06 GMT" time="11.004" errors="0">
  <testcase name="UserName1" time="11.004" classname="com.class04.taskOne"/>
</testsuite> <!-- com.class04.taskOne -->
