<?xml version="1.0" encoding="UTF-8"?>
<!-- Generated by org.testng.reporters.JUnitReportReporter -->
<testsuite skipped="0" hostname="DESKTOP-H84OQQP" name="com.class04.DataProviderTest" tests="3" failures="0" timestamp="10 Jun 2019 16:38:49 GMT" time="0.034" errors="0">
  <testcase name="getData" time="0.016" classname="com.class04.DataProviderTest"/>
  <testcase name="getData" time="0.000" classname="com.class04.DataProviderTest"/>
  <testcase name="getData" time="0.018" classname="com.class04.DataProviderTest"/>
</testsuite> <!-- com.class04.DataProviderTest -->
