<?xml version="1.0" encoding="UTF-8"?>
<!-- Generated by org.testng.reporters.JUnitReportReporter -->
<testsuite skipped="0" hostname="DESKTOP-H84OQQP" name="com.class04.ToolsQaExample" tests="4" failures="0" timestamp="11 Jun 2019 22:13:44 GMT" time="48.779" errors="0">
  <testcase name="getData" time="13.290" classname="com.class04.ToolsQaExample"/>
  <testcase name="getData" time="12.113" classname="com.class04.ToolsQaExample"/>
  <testcase name="getData" time="10.102" classname="com.class04.ToolsQaExample"/>
  <testcase name="getData" time="13.274" classname="com.class04.ToolsQaExample"/>
</testsuite> <!-- com.class04.ToolsQaExample -->
