<?xml version="1.0" encoding="UTF-8"?>
<!-- Generated by org.testng.reporters.JUnitReportReporter -->
<testsuite skipped="0" hostname="DESKTOP-H84OQQP" name="com.class04.parameterExampleTwo" tests="1" failures="0" timestamp="10 Jun 2019 15:47:41 GMT" time="9.639" errors="0">
  <testcase name="testGoogle" time="9.639" classname="com.class04.parameterExampleTwo"/>
</testsuite> <!-- com.class04.parameterExampleTwo -->
