<?xml version="1.0" encoding="UTF-8"?>
<!-- Generated by org.testng.reporters.JUnitReportReporter -->
<testsuite skipped="0" hostname="DESKTOP-H84OQQP" name="com.class05.taskOne" tests="3" failures="0" timestamp="12 Jun 2019 01:11:54 GMT" time="5.357" errors="0">
  <testcase name="Login" time="1.147" classname="com.class05.taskOne"/>
  <testcase name="addOrder" time="2.217" classname="com.class05.taskOne"/>
  <testcase name="addOrder" time="1.993" classname="com.class05.taskOne"/>
</testsuite> <!-- com.class05.taskOne -->
