<?xml version="1.0" encoding="UTF-8"?>
<!-- Generated by org.testng.reporters.JUnitReportReporter -->
<testsuite skipped="0" hostname="DESKTOP-H84OQQP" name="com.class04.newtourExample" tests="1" failures="0" timestamp="10 Jun 2019 16:00:16 GMT" time="8.221" errors="0">
  <testcase name="userInformation" time="8.221" classname="com.class04.newtourExample"/>
</testsuite> <!-- com.class04.newtourExample -->
