<?xml version="1.0" encoding="UTF-8"?>
<!-- Generated by org.testng.reporters.JUnitReportReporter -->
<testsuite skipped="0" hostname="DESKTOP-H84OQQP" name="com.class01.beforeAndAfterMethod" tests="1" failures="0" timestamp="18 Jun 2019 21:34:31 GMT" time="0.017" errors="0">
  <testcase name="testMethodTwo" time="0.017" classname="com.class01.beforeAndAfterMethod"/>
</testsuite> <!-- com.class01.beforeAndAfterMethod -->
